The target system is: Generic -  - arm
The host system is: Darwin - 20.5.0 - x86_64
Compiling the C compiler identification source file "CMakeCCompilerId.c" succeeded.
Compiler: /Users/victorsowa/miniconda3/envs/xMoonJelly_fw/xpack-openocd/bin/arm-none-eabi-gcc 
Build flags: 
Id flags: -c 

The output was:
0


Compilation of the C compiler identification source "CMakeCCompilerId.c" produced "CMakeCCompilerId.o"

The C compiler identification is GNU, found in "/Users/victorsowa/xMoonJelly_fw/cmake-build-xmj_pressure_calibration/CMakeFiles/3.18.3/CompilerIdC/CMakeCCompilerId.o"

Compiling the CXX compiler identification source file "CMakeCXXCompilerId.cpp" succeeded.
Compiler: /Users/victorsowa/miniconda3/envs/xMoonJelly_fw/xpack-openocd/bin/arm-none-eabi-g++ 
Build flags: 
Id flags: -c 

The output was:
0


Compilation of the CXX compiler identification source "CMakeCXXCompilerId.cpp" produced "CMakeCXXCompilerId.o"

The CXX compiler identification is GNU, found in "/Users/victorsowa/xMoonJelly_fw/cmake-build-xmj_pressure_calibration/CMakeFiles/3.18.3/CompilerIdCXX/CMakeCXXCompilerId.o"

Checking whether the ASM compiler is GNU using "--version" matched "(GNU assembler)|(GCC)|(Free Software Foundation)":
arm-none-eabi-gcc (GNU Arm Embedded Toolchain 9-2020-q2-update) 9.3.1 20200408 (release)
Copyright (C) 2019 Free Software Foundation, Inc.
This is free software; see the source for copying conditions.  There is NO
warranty; not even for MERCHANTABILITY or FITNESS FOR A PARTICULAR PURPOSE.

Detecting C compiler ABI info compiled with the following output:
Change Dir: /Users/victorsowa/xMoonJelly_fw/cmake-build-xmj_pressure_calibration/CMakeFiles/CMakeTmp

Run Build Command(s):/Users/victorsowa/miniconda3/envs/xMoonJelly_fw/bin/make cmTC_12d23/fast && /Users/victorsowa/miniconda3/envs/xMoonJelly_fw/bin/make  -f CMakeFiles/cmTC_12d23.dir/build.make CMakeFiles/cmTC_12d23.dir/build
make[1]: Entering directory '/Users/victorsowa/xMoonJelly_fw/cmake-build-xmj_pressure_calibration/CMakeFiles/CMakeTmp'
Building C object CMakeFiles/cmTC_12d23.dir/CMakeCCompilerABI.c.obj
/Users/victorsowa/miniconda3/envs/xMoonJelly_fw/xpack-openocd/bin/arm-none-eabi-gcc   -fdata-sections -ffunction-sections    -v -o CMakeFiles/cmTC_12d23.dir/CMakeCCompilerABI.c.obj -c /Users/victorsowa/miniconda3/envs/xMoonJelly_fw/xpack-openocd/share/cmake-3.18/Modules/CMakeCCompilerABI.c
Using built-in specs.
COLLECT_GCC=/Users/victorsowa/miniconda3/envs/xMoonJelly_fw/xpack-openocd/bin/arm-none-eabi-gcc
Target: arm-none-eabi
Configured with: /tmp/jenkins-GCC-9-pipeline-200_20200521_1590053285/src/gcc/configure --target=arm-none-eabi --prefix=/tmp/jenkins-GCC-9-pipeline-200_20200521_1590053285/install-native --libexecdir=/tmp/jenkins-GCC-9-pipeline-200_20200521_1590053285/install-native/lib --infodir=/tmp/jenkins-GCC-9-pipeline-200_20200521_1590053285/install-native/share/doc/gcc-arm-none-eabi/info --mandir=/tmp/jenkins-GCC-9-pipeline-200_20200521_1590053285/install-native/share/doc/gcc-arm-none-eabi/man --htmldir=/tmp/jenkins-GCC-9-pipeline-200_20200521_1590053285/install-native/share/doc/gcc-arm-none-eabi/html --pdfdir=/tmp/jenkins-GCC-9-pipeline-200_20200521_1590053285/install-native/share/doc/gcc-arm-none-eabi/pdf --enable-languages=c,c++ --enable-plugins --disable-decimal-float --disable-libffi --disable-libgomp --disable-libmudflap --disable-libquadmath --disable-libssp --disable-libstdcxx-pch --disable-nls --disable-shared --disable-threads --disable-tls --with-gnu-as --with-gnu-ld --with-newlib --with-headers=yes --with-python-dir=share/gcc-arm-none-eabi --with-sysroot=/tmp/jenkins-GCC-9-pipeline-200_20200521_1590053285/install-native/arm-none-eabi --build=x86_64-apple-darwin10 --host=x86_64-apple-darwin10 --with-gmp=/tmp/jenkins-GCC-9-pipeline-200_20200521_1590053285/build-native/host-libs/usr --with-mpfr=/tmp/jenkins-GCC-9-pipeline-200_20200521_1590053285/build-native/host-libs/usr --with-mpc=/tmp/jenkins-GCC-9-pipeline-200_20200521_1590053285/build-native/host-libs/usr --with-isl=/tmp/jenkins-GCC-9-pipeline-200_20200521_1590053285/build-native/host-libs/usr --with-libelf=/tmp/jenkins-GCC-9-pipeline-200_20200521_1590053285/build-native/host-libs/usr --with-host-libstdcxx='-static-libgcc -Wl,-lstdc++ -lm' --with-pkgversion='GNU Arm Embedded Toolchain 9-2020-q2-update' --with-multilib-list=rmprofile,aprofile
Thread model: single
gcc version 9.3.1 20200408 (release) (GNU Arm Embedded Toolchain 9-2020-q2-update) 
COLLECT_GCC_OPTIONS='-fdata-sections' '-ffunction-sections' '-v' '-o' 'CMakeFiles/cmTC_12d23.dir/CMakeCCompilerABI.c.obj' '-c' '-mcpu=arm7tdmi' '-mfloat-abi=soft' '-marm' '-march=armv4t'
 /Users/victorsowa/miniconda3/envs/xMoonJelly_fw/xpack-openocd/bin/../lib/gcc/arm-none-eabi/9.3.1/cc1 -quiet -v -iprefix /Users/victorsowa/miniconda3/envs/xMoonJelly_fw/xpack-openocd/bin/../lib/gcc/arm-none-eabi/9.3.1/ -isysroot /Users/victorsowa/miniconda3/envs/xMoonJelly_fw/xpack-openocd/bin/../arm-none-eabi -D__USES_INITFINI__ /Users/victorsowa/miniconda3/envs/xMoonJelly_fw/xpack-openocd/share/cmake-3.18/Modules/CMakeCCompilerABI.c -quiet -dumpbase CMakeCCompilerABI.c -mcpu=arm7tdmi -mfloat-abi=soft -marm -march=armv4t -auxbase-strip CMakeFiles/cmTC_12d23.dir/CMakeCCompilerABI.c.obj -version -fdata-sections -ffunction-sections -o /var/folders/yg/3nxcpv294hvfwgl_w3cbnbrh0000gn/T//ccjfHGV5.s
GNU C17 (GNU Arm Embedded Toolchain 9-2020-q2-update) version 9.3.1 20200408 (release) (arm-none-eabi)
	compiled by GNU C version 4.2.1 Compatible Apple LLVM 11.0.0 (clang-1100.0.33.17), GMP version 6.1.0, MPFR version 3.1.4, MPC version 1.0.3, isl version isl-0.18-GMP

GGC heuristics: --param ggc-min-expand=100 --param ggc-min-heapsize=131072
ignoring duplicate directory "/Users/victorsowa/miniconda3/envs/xMoonJelly_fw/xpack-openocd/bin/../lib/gcc/../../lib/gcc/arm-none-eabi/9.3.1/include"
ignoring nonexistent directory "/Users/victorsowa/miniconda3/envs/xMoonJelly_fw/xpack-openocd/bin/../arm-none-eabi/usr/local/include"
ignoring duplicate directory "/Users/victorsowa/miniconda3/envs/xMoonJelly_fw/xpack-openocd/bin/../lib/gcc/../../lib/gcc/arm-none-eabi/9.3.1/include-fixed"
ignoring duplicate directory "/Users/victorsowa/miniconda3/envs/xMoonJelly_fw/xpack-openocd/bin/../lib/gcc/../../lib/gcc/arm-none-eabi/9.3.1/../../../../arm-none-eabi/include"
ignoring nonexistent directory "/Users/victorsowa/miniconda3/envs/xMoonJelly_fw/xpack-openocd/bin/../arm-none-eabi/usr/include"
#include "..." search starts here:
#include <...> search starts here:
 /Users/victorsowa/miniconda3/envs/xMoonJelly_fw/xpack-openocd/bin/../lib/gcc/arm-none-eabi/9.3.1/include
 /Users/victorsowa/miniconda3/envs/xMoonJelly_fw/xpack-openocd/bin/../lib/gcc/arm-none-eabi/9.3.1/include-fixed
 /Users/victorsowa/miniconda3/envs/xMoonJelly_fw/xpack-openocd/bin/../lib/gcc/arm-none-eabi/9.3.1/../../../../arm-none-eabi/include
End of search list.
GNU C17 (GNU Arm Embedded Toolchain 9-2020-q2-update) version 9.3.1 20200408 (release) (arm-none-eabi)
	compiled by GNU C version 4.2.1 Compatible Apple LLVM 11.0.0 (clang-1100.0.33.17), GMP version 6.1.0, MPFR version 3.1.4, MPC version 1.0.3, isl version isl-0.18-GMP

GGC heuristics: --param ggc-min-expand=100 --param ggc-min-heapsize=131072
Compiler executable checksum: c98fc9d12ad05b5a76e372c8d9e5deb7
COLLECT_GCC_OPTIONS='-fdata-sections' '-ffunction-sections' '-v' '-o' 'CMakeFiles/cmTC_12d23.dir/CMakeCCompilerABI.c.obj' '-c' '-mcpu=arm7tdmi' '-mfloat-abi=soft' '-marm' '-march=armv4t'
 /Users/victorsowa/miniconda3/envs/xMoonJelly_fw/xpack-openocd/bin/../lib/gcc/arm-none-eabi/9.3.1/../../../../arm-none-eabi/bin/as -v -march=armv4t -mfloat-abi=soft -meabi=5 -o CMakeFiles/cmTC_12d23.dir/CMakeCCompilerABI.c.obj /var/folders/yg/3nxcpv294hvfwgl_w3cbnbrh0000gn/T//ccjfHGV5.s
GNU assembler version 2.34.0 (arm-none-eabi) using BFD version (GNU Arm Embedded Toolchain 9-2020-q2-update) 2.34.0.20200428
COMPILER_PATH=/Users/victorsowa/miniconda3/envs/xMoonJelly_fw/xpack-openocd/bin/../lib/gcc/arm-none-eabi/9.3.1/:/Users/victorsowa/miniconda3/envs/xMoonJelly_fw/xpack-openocd/bin/../lib/gcc/:/Users/victorsowa/miniconda3/envs/xMoonJelly_fw/xpack-openocd/bin/../lib/gcc/arm-none-eabi/9.3.1/../../../../arm-none-eabi/bin/
LIBRARY_PATH=/Users/victorsowa/miniconda3/envs/xMoonJelly_fw/xpack-openocd/bin/../lib/gcc/arm-none-eabi/9.3.1/:/Users/victorsowa/miniconda3/envs/xMoonJelly_fw/xpack-openocd/bin/../lib/gcc/:/Users/victorsowa/miniconda3/envs/xMoonJelly_fw/xpack-openocd/bin/../lib/gcc/arm-none-eabi/9.3.1/../../../../arm-none-eabi/lib/:/Users/victorsowa/miniconda3/envs/xMoonJelly_fw/xpack-openocd/bin/../arm-none-eabi/lib/
COLLECT_GCC_OPTIONS='-fdata-sections' '-ffunction-sections' '-v' '-o' 'CMakeFiles/cmTC_12d23.dir/CMakeCCompilerABI.c.obj' '-c' '-mcpu=arm7tdmi' '-mfloat-abi=soft' '-marm' '-march=armv4t'
Linking C static library libcmTC_12d23.a
/Users/victorsowa/miniconda3/envs/xMoonJelly_fw/xpack-openocd/bin/cmake -P CMakeFiles/cmTC_12d23.dir/cmake_clean_target.cmake
/Users/victorsowa/miniconda3/envs/xMoonJelly_fw/xpack-openocd/bin/cmake -E cmake_link_script CMakeFiles/cmTC_12d23.dir/link.txt --verbose=1
/Users/victorsowa/miniconda3/envs/xMoonJelly_fw/xpack-openocd/bin/arm-none-eabi-gcc-ar qc libcmTC_12d23.a CMakeFiles/cmTC_12d23.dir/CMakeCCompilerABI.c.obj
/Users/victorsowa/miniconda3/envs/xMoonJelly_fw/xpack-openocd/bin/arm-none-eabi-ranlib libcmTC_12d23.a
make[1]: Leaving directory '/Users/victorsowa/xMoonJelly_fw/cmake-build-xmj_pressure_calibration/CMakeFiles/CMakeTmp'



Parsed C implicit include dir info from above output: rv=done
  found start of include info
  found start of implicit include info
    add: [/Users/victorsowa/miniconda3/envs/xMoonJelly_fw/xpack-openocd/bin/../lib/gcc/arm-none-eabi/9.3.1/include]
    add: [/Users/victorsowa/miniconda3/envs/xMoonJelly_fw/xpack-openocd/bin/../lib/gcc/arm-none-eabi/9.3.1/include-fixed]
    add: [/Users/victorsowa/miniconda3/envs/xMoonJelly_fw/xpack-openocd/bin/../lib/gcc/arm-none-eabi/9.3.1/../../../../arm-none-eabi/include]
  end of search list found
  collapse include dir [/Users/victorsowa/miniconda3/envs/xMoonJelly_fw/xpack-openocd/bin/../lib/gcc/arm-none-eabi/9.3.1/include] ==> [/Users/victorsowa/miniconda3/envs/xMoonJelly_fw/xpack-openocd/lib/gcc/arm-none-eabi/9.3.1/include]
  collapse include dir [/Users/victorsowa/miniconda3/envs/xMoonJelly_fw/xpack-openocd/bin/../lib/gcc/arm-none-eabi/9.3.1/include-fixed] ==> [/Users/victorsowa/miniconda3/envs/xMoonJelly_fw/xpack-openocd/lib/gcc/arm-none-eabi/9.3.1/include-fixed]
  collapse include dir [/Users/victorsowa/miniconda3/envs/xMoonJelly_fw/xpack-openocd/bin/../lib/gcc/arm-none-eabi/9.3.1/../../../../arm-none-eabi/include] ==> [/Users/victorsowa/miniconda3/envs/xMoonJelly_fw/xpack-openocd/arm-none-eabi/include]
  implicit include dirs: [/Users/victorsowa/miniconda3/envs/xMoonJelly_fw/xpack-openocd/lib/gcc/arm-none-eabi/9.3.1/include;/Users/victorsowa/miniconda3/envs/xMoonJelly_fw/xpack-openocd/lib/gcc/arm-none-eabi/9.3.1/include-fixed;/Users/victorsowa/miniconda3/envs/xMoonJelly_fw/xpack-openocd/arm-none-eabi/include]


Parsed C implicit link information from above output:
  link line regex: [^( *|.*[/\])(arm-none-eabi-ld|CMAKE_LINK_STARTFILE-NOTFOUND|([^/\]+-)?ld|collect2)[^/\]*( |$)]
  ignore line: [Change Dir: /Users/victorsowa/xMoonJelly_fw/cmake-build-xmj_pressure_calibration/CMakeFiles/CMakeTmp]
  ignore line: []
  ignore line: [Run Build Command(s):/Users/victorsowa/miniconda3/envs/xMoonJelly_fw/bin/make cmTC_12d23/fast && /Users/victorsowa/miniconda3/envs/xMoonJelly_fw/bin/make  -f CMakeFiles/cmTC_12d23.dir/build.make CMakeFiles/cmTC_12d23.dir/build]
  ignore line: [make[1]: Entering directory '/Users/victorsowa/xMoonJelly_fw/cmake-build-xmj_pressure_calibration/CMakeFiles/CMakeTmp']
  ignore line: [Building C object CMakeFiles/cmTC_12d23.dir/CMakeCCompilerABI.c.obj]
  ignore line: [/Users/victorsowa/miniconda3/envs/xMoonJelly_fw/xpack-openocd/bin/arm-none-eabi-gcc   -fdata-sections -ffunction-sections    -v -o CMakeFiles/cmTC_12d23.dir/CMakeCCompilerABI.c.obj -c /Users/victorsowa/miniconda3/envs/xMoonJelly_fw/xpack-openocd/share/cmake-3.18/Modules/CMakeCCompilerABI.c]
  ignore line: [Using built-in specs.]
  ignore line: [COLLECT_GCC=/Users/victorsowa/miniconda3/envs/xMoonJelly_fw/xpack-openocd/bin/arm-none-eabi-gcc]
  ignore line: [Target: arm-none-eabi]
  ignore line: [Configured with: /tmp/jenkins-GCC-9-pipeline-200_20200521_1590053285/src/gcc/configure --target=arm-none-eabi --prefix=/tmp/jenkins-GCC-9-pipeline-200_20200521_1590053285/install-native --libexecdir=/tmp/jenkins-GCC-9-pipeline-200_20200521_1590053285/install-native/lib --infodir=/tmp/jenkins-GCC-9-pipeline-200_20200521_1590053285/install-native/share/doc/gcc-arm-none-eabi/info --mandir=/tmp/jenkins-GCC-9-pipeline-200_20200521_1590053285/install-native/share/doc/gcc-arm-none-eabi/man --htmldir=/tmp/jenkins-GCC-9-pipeline-200_20200521_1590053285/install-native/share/doc/gcc-arm-none-eabi/html --pdfdir=/tmp/jenkins-GCC-9-pipeline-200_20200521_1590053285/install-native/share/doc/gcc-arm-none-eabi/pdf --enable-languages=c,c++ --enable-plugins --disable-decimal-float --disable-libffi --disable-libgomp --disable-libmudflap --disable-libquadmath --disable-libssp --disable-libstdcxx-pch --disable-nls --disable-shared --disable-threads --disable-tls --with-gnu-as --with-gnu-ld --with-newlib --with-headers=yes --with-python-dir=share/gcc-arm-none-eabi --with-sysroot=/tmp/jenkins-GCC-9-pipeline-200_20200521_1590053285/install-native/arm-none-eabi --build=x86_64-apple-darwin10 --host=x86_64-apple-darwin10 --with-gmp=/tmp/jenkins-GCC-9-pipeline-200_20200521_1590053285/build-native/host-libs/usr --with-mpfr=/tmp/jenkins-GCC-9-pipeline-200_20200521_1590053285/build-native/host-libs/usr --with-mpc=/tmp/jenkins-GCC-9-pipeline-200_20200521_1590053285/build-native/host-libs/usr --with-isl=/tmp/jenkins-GCC-9-pipeline-200_20200521_1590053285/build-native/host-libs/usr --with-libelf=/tmp/jenkins-GCC-9-pipeline-200_20200521_1590053285/build-native/host-libs/usr --with-host-libstdcxx='-static-libgcc -Wl,-lstdc++ -lm' --with-pkgversion='GNU Arm Embedded Toolchain 9-2020-q2-update' --with-multilib-list=rmprofile,aprofile]
  ignore line: [Thread model: single]
  ignore line: [gcc version 9.3.1 20200408 (release) (GNU Arm Embedded Toolchain 9-2020-q2-update) ]
  ignore line: [COLLECT_GCC_OPTIONS='-fdata-sections' '-ffunction-sections' '-v' '-o' 'CMakeFiles/cmTC_12d23.dir/CMakeCCompilerABI.c.obj' '-c' '-mcpu=arm7tdmi' '-mfloat-abi=soft' '-marm' '-march=armv4t']
  ignore line: [ /Users/victorsowa/miniconda3/envs/xMoonJelly_fw/xpack-openocd/bin/../lib/gcc/arm-none-eabi/9.3.1/cc1 -quiet -v -iprefix /Users/victorsowa/miniconda3/envs/xMoonJelly_fw/xpack-openocd/bin/../lib/gcc/arm-none-eabi/9.3.1/ -isysroot /Users/victorsowa/miniconda3/envs/xMoonJelly_fw/xpack-openocd/bin/../arm-none-eabi -D__USES_INITFINI__ /Users/victorsowa/miniconda3/envs/xMoonJelly_fw/xpack-openocd/share/cmake-3.18/Modules/CMakeCCompilerABI.c -quiet -dumpbase CMakeCCompilerABI.c -mcpu=arm7tdmi -mfloat-abi=soft -marm -march=armv4t -auxbase-strip CMakeFiles/cmTC_12d23.dir/CMakeCCompilerABI.c.obj -version -fdata-sections -ffunction-sections -o /var/folders/yg/3nxcpv294hvfwgl_w3cbnbrh0000gn/T//ccjfHGV5.s]
  ignore line: [GNU C17 (GNU Arm Embedded Toolchain 9-2020-q2-update) version 9.3.1 20200408 (release) (arm-none-eabi)]
  ignore line: [	compiled by GNU C version 4.2.1 Compatible Apple LLVM 11.0.0 (clang-1100.0.33.17)  GMP version 6.1.0  MPFR version 3.1.4  MPC version 1.0.3  isl version isl-0.18-GMP]
  ignore line: []
  ignore line: [GGC heuristics: --param ggc-min-expand=100 --param ggc-min-heapsize=131072]
  ignore line: [ignoring duplicate directory "/Users/victorsowa/miniconda3/envs/xMoonJelly_fw/xpack-openocd/bin/../lib/gcc/../../lib/gcc/arm-none-eabi/9.3.1/include"]
  ignore line: [ignoring nonexistent directory "/Users/victorsowa/miniconda3/envs/xMoonJelly_fw/xpack-openocd/bin/../arm-none-eabi/usr/local/include"]
  ignore line: [ignoring duplicate directory "/Users/victorsowa/miniconda3/envs/xMoonJelly_fw/xpack-openocd/bin/../lib/gcc/../../lib/gcc/arm-none-eabi/9.3.1/include-fixed"]
  ignore line: [ignoring duplicate directory "/Users/victorsowa/miniconda3/envs/xMoonJelly_fw/xpack-openocd/bin/../lib/gcc/../../lib/gcc/arm-none-eabi/9.3.1/../../../../arm-none-eabi/include"]
  ignore line: [ignoring nonexistent directory "/Users/victorsowa/miniconda3/envs/xMoonJelly_fw/xpack-openocd/bin/../arm-none-eabi/usr/include"]
  ignore line: [#include "..." search starts here:]
  ignore line: [#include <...> search starts here:]
  ignore line: [ /Users/victorsowa/miniconda3/envs/xMoonJelly_fw/xpack-openocd/bin/../lib/gcc/arm-none-eabi/9.3.1/include]
  ignore line: [ /Users/victorsowa/miniconda3/envs/xMoonJelly_fw/xpack-openocd/bin/../lib/gcc/arm-none-eabi/9.3.1/include-fixed]
  ignore line: [ /Users/victorsowa/miniconda3/envs/xMoonJelly_fw/xpack-openocd/bin/../lib/gcc/arm-none-eabi/9.3.1/../../../../arm-none-eabi/include]
  ignore line: [End of search list.]
  ignore line: [GNU C17 (GNU Arm Embedded Toolchain 9-2020-q2-update) version 9.3.1 20200408 (release) (arm-none-eabi)]
  ignore line: [	compiled by GNU C version 4.2.1 Compatible Apple LLVM 11.0.0 (clang-1100.0.33.17)  GMP version 6.1.0  MPFR version 3.1.4  MPC version 1.0.3  isl version isl-0.18-GMP]
  ignore line: []
  ignore line: [GGC heuristics: --param ggc-min-expand=100 --param ggc-min-heapsize=131072]
  ignore line: [Compiler executable checksum: c98fc9d12ad05b5a76e372c8d9e5deb7]
  ignore line: [COLLECT_GCC_OPTIONS='-fdata-sections' '-ffunction-sections' '-v' '-o' 'CMakeFiles/cmTC_12d23.dir/CMakeCCompilerABI.c.obj' '-c' '-mcpu=arm7tdmi' '-mfloat-abi=soft' '-marm' '-march=armv4t']
  ignore line: [ /Users/victorsowa/miniconda3/envs/xMoonJelly_fw/xpack-openocd/bin/../lib/gcc/arm-none-eabi/9.3.1/../../../../arm-none-eabi/bin/as -v -march=armv4t -mfloat-abi=soft -meabi=5 -o CMakeFiles/cmTC_12d23.dir/CMakeCCompilerABI.c.obj /var/folders/yg/3nxcpv294hvfwgl_w3cbnbrh0000gn/T//ccjfHGV5.s]
  ignore line: [GNU assembler version 2.34.0 (arm-none-eabi) using BFD version (GNU Arm Embedded Toolchain 9-2020-q2-update) 2.34.0.20200428]
  ignore line: [COMPILER_PATH=/Users/victorsowa/miniconda3/envs/xMoonJelly_fw/xpack-openocd/bin/../lib/gcc/arm-none-eabi/9.3.1/:/Users/victorsowa/miniconda3/envs/xMoonJelly_fw/xpack-openocd/bin/../lib/gcc/:/Users/victorsowa/miniconda3/envs/xMoonJelly_fw/xpack-openocd/bin/../lib/gcc/arm-none-eabi/9.3.1/../../../../arm-none-eabi/bin/]
  ignore line: [LIBRARY_PATH=/Users/victorsowa/miniconda3/envs/xMoonJelly_fw/xpack-openocd/bin/../lib/gcc/arm-none-eabi/9.3.1/:/Users/victorsowa/miniconda3/envs/xMoonJelly_fw/xpack-openocd/bin/../lib/gcc/:/Users/victorsowa/miniconda3/envs/xMoonJelly_fw/xpack-openocd/bin/../lib/gcc/arm-none-eabi/9.3.1/../../../../arm-none-eabi/lib/:/Users/victorsowa/miniconda3/envs/xMoonJelly_fw/xpack-openocd/bin/../arm-none-eabi/lib/]
  ignore line: [COLLECT_GCC_OPTIONS='-fdata-sections' '-ffunction-sections' '-v' '-o' 'CMakeFiles/cmTC_12d23.dir/CMakeCCompilerABI.c.obj' '-c' '-mcpu=arm7tdmi' '-mfloat-abi=soft' '-marm' '-march=armv4t']
  ignore line: [Linking C static library libcmTC_12d23.a]
  ignore line: [/Users/victorsowa/miniconda3/envs/xMoonJelly_fw/xpack-openocd/bin/cmake -P CMakeFiles/cmTC_12d23.dir/cmake_clean_target.cmake]
  ignore line: [/Users/victorsowa/miniconda3/envs/xMoonJelly_fw/xpack-openocd/bin/cmake -E cmake_link_script CMakeFiles/cmTC_12d23.dir/link.txt --verbose=1]
  ignore line: [/Users/victorsowa/miniconda3/envs/xMoonJelly_fw/xpack-openocd/bin/arm-none-eabi-gcc-ar qc libcmTC_12d23.a CMakeFiles/cmTC_12d23.dir/CMakeCCompilerABI.c.obj]
  ignore line: [/Users/victorsowa/miniconda3/envs/xMoonJelly_fw/xpack-openocd/bin/arm-none-eabi-ranlib libcmTC_12d23.a]
  ignore line: [make[1]: Leaving directory '/Users/victorsowa/xMoonJelly_fw/cmake-build-xmj_pressure_calibration/CMakeFiles/CMakeTmp']
  ignore line: []
  ignore line: []
  implicit libs: []
  implicit dirs: []
  implicit fwks: []


Detecting CXX compiler ABI info compiled with the following output:
Change Dir: /Users/victorsowa/xMoonJelly_fw/cmake-build-xmj_pressure_calibration/CMakeFiles/CMakeTmp

Run Build Command(s):/Users/victorsowa/miniconda3/envs/xMoonJelly_fw/bin/make cmTC_4a8b3/fast && /Users/victorsowa/miniconda3/envs/xMoonJelly_fw/bin/make  -f CMakeFiles/cmTC_4a8b3.dir/build.make CMakeFiles/cmTC_4a8b3.dir/build
make[1]: Entering directory '/Users/victorsowa/xMoonJelly_fw/cmake-build-xmj_pressure_calibration/CMakeFiles/CMakeTmp'
Building CXX object CMakeFiles/cmTC_4a8b3.dir/CMakeCXXCompilerABI.cpp.obj
/Users/victorsowa/miniconda3/envs/xMoonJelly_fw/xpack-openocd/bin/arm-none-eabi-g++   -fdata-sections -ffunction-sections    -v -o CMakeFiles/cmTC_4a8b3.dir/CMakeCXXCompilerABI.cpp.obj -c /Users/victorsowa/miniconda3/envs/xMoonJelly_fw/xpack-openocd/share/cmake-3.18/Modules/CMakeCXXCompilerABI.cpp
Using built-in specs.
COLLECT_GCC=/Users/victorsowa/miniconda3/envs/xMoonJelly_fw/xpack-openocd/bin/arm-none-eabi-g++
Target: arm-none-eabi
Configured with: /tmp/jenkins-GCC-9-pipeline-200_20200521_1590053285/src/gcc/configure --target=arm-none-eabi --prefix=/tmp/jenkins-GCC-9-pipeline-200_20200521_1590053285/install-native --libexecdir=/tmp/jenkins-GCC-9-pipeline-200_20200521_1590053285/install-native/lib --infodir=/tmp/jenkins-GCC-9-pipeline-200_20200521_1590053285/install-native/share/doc/gcc-arm-none-eabi/info --mandir=/tmp/jenkins-GCC-9-pipeline-200_20200521_1590053285/install-native/share/doc/gcc-arm-none-eabi/man --htmldir=/tmp/jenkins-GCC-9-pipeline-200_20200521_1590053285/install-native/share/doc/gcc-arm-none-eabi/html --pdfdir=/tmp/jenkins-GCC-9-pipeline-200_20200521_1590053285/install-native/share/doc/gcc-arm-none-eabi/pdf --enable-languages=c,c++ --enable-plugins --disable-decimal-float --disable-libffi --disable-libgomp --disable-libmudflap --disable-libquadmath --disable-libssp --disable-libstdcxx-pch --disable-nls --disable-shared --disable-threads --disable-tls --with-gnu-as --with-gnu-ld --with-newlib --with-headers=yes --with-python-dir=share/gcc-arm-none-eabi --with-sysroot=/tmp/jenkins-GCC-9-pipeline-200_20200521_1590053285/install-native/arm-none-eabi --build=x86_64-apple-darwin10 --host=x86_64-apple-darwin10 --with-gmp=/tmp/jenkins-GCC-9-pipeline-200_20200521_1590053285/build-native/host-libs/usr --with-mpfr=/tmp/jenkins-GCC-9-pipeline-200_20200521_1590053285/build-native/host-libs/usr --with-mpc=/tmp/jenkins-GCC-9-pipeline-200_20200521_1590053285/build-native/host-libs/usr --with-isl=/tmp/jenkins-GCC-9-pipeline-200_20200521_1590053285/build-native/host-libs/usr --with-libelf=/tmp/jenkins-GCC-9-pipeline-200_20200521_1590053285/build-native/host-libs/usr --with-host-libstdcxx='-static-libgcc -Wl,-lstdc++ -lm' --with-pkgversion='GNU Arm Embedded Toolchain 9-2020-q2-update' --with-multilib-list=rmprofile,aprofile
Thread model: single
gcc version 9.3.1 20200408 (release) (GNU Arm Embedded Toolchain 9-2020-q2-update) 
COLLECT_GCC_OPTIONS='-fdata-sections' '-ffunction-sections' '-v' '-o' 'CMakeFiles/cmTC_4a8b3.dir/CMakeCXXCompilerABI.cpp.obj' '-c' '-mcpu=arm7tdmi' '-mfloat-abi=soft' '-marm' '-march=armv4t'
 /Users/victorsowa/miniconda3/envs/xMoonJelly_fw/xpack-openocd/bin/../lib/gcc/arm-none-eabi/9.3.1/cc1plus -quiet -v -iprefix /Users/victorsowa/miniconda3/envs/xMoonJelly_fw/xpack-openocd/bin/../lib/gcc/arm-none-eabi/9.3.1/ -isysroot /Users/victorsowa/miniconda3/envs/xMoonJelly_fw/xpack-openocd/bin/../arm-none-eabi -D__USES_INITFINI__ /Users/victorsowa/miniconda3/envs/xMoonJelly_fw/xpack-openocd/share/cmake-3.18/Modules/CMakeCXXCompilerABI.cpp -quiet -dumpbase CMakeCXXCompilerABI.cpp -mcpu=arm7tdmi -mfloat-abi=soft -marm -march=armv4t -auxbase-strip CMakeFiles/cmTC_4a8b3.dir/CMakeCXXCompilerABI.cpp.obj -version -fdata-sections -ffunction-sections -o /var/folders/yg/3nxcpv294hvfwgl_w3cbnbrh0000gn/T//ccX6Ibae.s
GNU C++14 (GNU Arm Embedded Toolchain 9-2020-q2-update) version 9.3.1 20200408 (release) (arm-none-eabi)
	compiled by GNU C version 4.2.1 Compatible Apple LLVM 11.0.0 (clang-1100.0.33.17), GMP version 6.1.0, MPFR version 3.1.4, MPC version 1.0.3, isl version isl-0.18-GMP

GGC heuristics: --param ggc-min-expand=100 --param ggc-min-heapsize=131072
ignoring duplicate directory "/Users/victorsowa/miniconda3/envs/xMoonJelly_fw/xpack-openocd/bin/../lib/gcc/../../lib/gcc/arm-none-eabi/9.3.1/../../../../arm-none-eabi/include/c++/9.3.1"
ignoring duplicate directory "/Users/victorsowa/miniconda3/envs/xMoonJelly_fw/xpack-openocd/bin/../lib/gcc/../../lib/gcc/arm-none-eabi/9.3.1/../../../../arm-none-eabi/include/c++/9.3.1/arm-none-eabi"
ignoring duplicate directory "/Users/victorsowa/miniconda3/envs/xMoonJelly_fw/xpack-openocd/bin/../lib/gcc/../../lib/gcc/arm-none-eabi/9.3.1/../../../../arm-none-eabi/include/c++/9.3.1/backward"
ignoring duplicate directory "/Users/victorsowa/miniconda3/envs/xMoonJelly_fw/xpack-openocd/bin/../lib/gcc/../../lib/gcc/arm-none-eabi/9.3.1/include"
ignoring nonexistent directory "/Users/victorsowa/miniconda3/envs/xMoonJelly_fw/xpack-openocd/bin/../arm-none-eabi/usr/local/include"
ignoring duplicate directory "/Users/victorsowa/miniconda3/envs/xMoonJelly_fw/xpack-openocd/bin/../lib/gcc/../../lib/gcc/arm-none-eabi/9.3.1/include-fixed"
ignoring duplicate directory "/Users/victorsowa/miniconda3/envs/xMoonJelly_fw/xpack-openocd/bin/../lib/gcc/../../lib/gcc/arm-none-eabi/9.3.1/../../../../arm-none-eabi/include"
ignoring nonexistent directory "/Users/victorsowa/miniconda3/envs/xMoonJelly_fw/xpack-openocd/bin/../arm-none-eabi/usr/include"
#include "..." search starts here:
#include <...> search starts here:
 /Users/victorsowa/miniconda3/envs/xMoonJelly_fw/xpack-openocd/bin/../lib/gcc/arm-none-eabi/9.3.1/../../../../arm-none-eabi/include/c++/9.3.1
 /Users/victorsowa/miniconda3/envs/xMoonJelly_fw/xpack-openocd/bin/../lib/gcc/arm-none-eabi/9.3.1/../../../../arm-none-eabi/include/c++/9.3.1/arm-none-eabi
 /Users/victorsowa/miniconda3/envs/xMoonJelly_fw/xpack-openocd/bin/../lib/gcc/arm-none-eabi/9.3.1/../../../../arm-none-eabi/include/c++/9.3.1/backward
 /Users/victorsowa/miniconda3/envs/xMoonJelly_fw/xpack-openocd/bin/../lib/gcc/arm-none-eabi/9.3.1/include
 /Users/victorsowa/miniconda3/envs/xMoonJelly_fw/xpack-openocd/bin/../lib/gcc/arm-none-eabi/9.3.1/include-fixed
 /Users/victorsowa/miniconda3/envs/xMoonJelly_fw/xpack-openocd/bin/../lib/gcc/arm-none-eabi/9.3.1/../../../../arm-none-eabi/include
End of search list.
GNU C++14 (GNU Arm Embedded Toolchain 9-2020-q2-update) version 9.3.1 20200408 (release) (arm-none-eabi)
	compiled by GNU C version 4.2.1 Compatible Apple LLVM 11.0.0 (clang-1100.0.33.17), GMP version 6.1.0, MPFR version 3.1.4, MPC version 1.0.3, isl version isl-0.18-GMP

GGC heuristics: --param ggc-min-expand=100 --param ggc-min-heapsize=131072
Compiler executable checksum: 8782f4994dbf603a697a2dc7444b5e0e
COLLECT_GCC_OPTIONS='-fdata-sections' '-ffunction-sections' '-v' '-o' 'CMakeFiles/cmTC_4a8b3.dir/CMakeCXXCompilerABI.cpp.obj' '-c' '-mcpu=arm7tdmi' '-mfloat-abi=soft' '-marm' '-march=armv4t'
 /Users/victorsowa/miniconda3/envs/xMoonJelly_fw/xpack-openocd/bin/../lib/gcc/arm-none-eabi/9.3.1/../../../../arm-none-eabi/bin/as -v -march=armv4t -mfloat-abi=soft -meabi=5 -o CMakeFiles/cmTC_4a8b3.dir/CMakeCXXCompilerABI.cpp.obj /var/folders/yg/3nxcpv294hvfwgl_w3cbnbrh0000gn/T//ccX6Ibae.s
GNU assembler version 2.34.0 (arm-none-eabi) using BFD version (GNU Arm Embedded Toolchain 9-2020-q2-update) 2.34.0.20200428
COMPILER_PATH=/Users/victorsowa/miniconda3/envs/xMoonJelly_fw/xpack-openocd/bin/../lib/gcc/arm-none-eabi/9.3.1/:/Users/victorsowa/miniconda3/envs/xMoonJelly_fw/xpack-openocd/bin/../lib/gcc/:/Users/victorsowa/miniconda3/envs/xMoonJelly_fw/xpack-openocd/bin/../lib/gcc/arm-none-eabi/9.3.1/../../../../arm-none-eabi/bin/
LIBRARY_PATH=/Users/victorsowa/miniconda3/envs/xMoonJelly_fw/xpack-openocd/bin/../lib/gcc/arm-none-eabi/9.3.1/:/Users/victorsowa/miniconda3/envs/xMoonJelly_fw/xpack-openocd/bin/../lib/gcc/:/Users/victorsowa/miniconda3/envs/xMoonJelly_fw/xpack-openocd/bin/../lib/gcc/arm-none-eabi/9.3.1/../../../../arm-none-eabi/lib/:/Users/victorsowa/miniconda3/envs/xMoonJelly_fw/xpack-openocd/bin/../arm-none-eabi/lib/
COLLECT_GCC_OPTIONS='-fdata-sections' '-ffunction-sections' '-v' '-o' 'CMakeFiles/cmTC_4a8b3.dir/CMakeCXXCompilerABI.cpp.obj' '-c' '-mcpu=arm7tdmi' '-mfloat-abi=soft' '-marm' '-march=armv4t'
Linking CXX static library libcmTC_4a8b3.a
/Users/victorsowa/miniconda3/envs/xMoonJelly_fw/xpack-openocd/bin/cmake -P CMakeFiles/cmTC_4a8b3.dir/cmake_clean_target.cmake
/Users/victorsowa/miniconda3/envs/xMoonJelly_fw/xpack-openocd/bin/cmake -E cmake_link_script CMakeFiles/cmTC_4a8b3.dir/link.txt --verbose=1
/Users/victorsowa/miniconda3/envs/xMoonJelly_fw/xpack-openocd/bin/arm-none-eabi-gcc-ar qc libcmTC_4a8b3.a CMakeFiles/cmTC_4a8b3.dir/CMakeCXXCompilerABI.cpp.obj
/Users/victorsowa/miniconda3/envs/xMoonJelly_fw/xpack-openocd/bin/arm-none-eabi-ranlib libcmTC_4a8b3.a
make[1]: Leaving directory '/Users/victorsowa/xMoonJelly_fw/cmake-build-xmj_pressure_calibration/CMakeFiles/CMakeTmp'



Parsed CXX implicit include dir info from above output: rv=done
  found start of include info
  found start of implicit include info
    add: [/Users/victorsowa/miniconda3/envs/xMoonJelly_fw/xpack-openocd/bin/../lib/gcc/arm-none-eabi/9.3.1/../../../../arm-none-eabi/include/c++/9.3.1]
    add: [/Users/victorsowa/miniconda3/envs/xMoonJelly_fw/xpack-openocd/bin/../lib/gcc/arm-none-eabi/9.3.1/../../../../arm-none-eabi/include/c++/9.3.1/arm-none-eabi]
    add: [/Users/victorsowa/miniconda3/envs/xMoonJelly_fw/xpack-openocd/bin/../lib/gcc/arm-none-eabi/9.3.1/../../../../arm-none-eabi/include/c++/9.3.1/backward]
    add: [/Users/victorsowa/miniconda3/envs/xMoonJelly_fw/xpack-openocd/bin/../lib/gcc/arm-none-eabi/9.3.1/include]
    add: [/Users/victorsowa/miniconda3/envs/xMoonJelly_fw/xpack-openocd/bin/../lib/gcc/arm-none-eabi/9.3.1/include-fixed]
    add: [/Users/victorsowa/miniconda3/envs/xMoonJelly_fw/xpack-openocd/bin/../lib/gcc/arm-none-eabi/9.3.1/../../../../arm-none-eabi/include]
  end of search list found
  collapse include dir [/Users/victorsowa/miniconda3/envs/xMoonJelly_fw/xpack-openocd/bin/../lib/gcc/arm-none-eabi/9.3.1/../../../../arm-none-eabi/include/c++/9.3.1] ==> [/Users/victorsowa/miniconda3/envs/xMoonJelly_fw/xpack-openocd/arm-none-eabi/include/c++/9.3.1]
  collapse include dir [/Users/victorsowa/miniconda3/envs/xMoonJelly_fw/xpack-openocd/bin/../lib/gcc/arm-none-eabi/9.3.1/../../../../arm-none-eabi/include/c++/9.3.1/arm-none-eabi] ==> [/Users/victorsowa/miniconda3/envs/xMoonJelly_fw/xpack-openocd/arm-none-eabi/include/c++/9.3.1/arm-none-eabi]
  collapse include dir [/Users/victorsowa/miniconda3/envs/xMoonJelly_fw/xpack-openocd/bin/../lib/gcc/arm-none-eabi/9.3.1/../../../../arm-none-eabi/include/c++/9.3.1/backward] ==> [/Users/victorsowa/miniconda3/envs/xMoonJelly_fw/xpack-openocd/arm-none-eabi/include/c++/9.3.1/backward]
  collapse include dir [/Users/victorsowa/miniconda3/envs/xMoonJelly_fw/xpack-openocd/bin/../lib/gcc/arm-none-eabi/9.3.1/include] ==> [/Users/victorsowa/miniconda3/envs/xMoonJelly_fw/xpack-openocd/lib/gcc/arm-none-eabi/9.3.1/include]
  collapse include dir [/Users/victorsowa/miniconda3/envs/xMoonJelly_fw/xpack-openocd/bin/../lib/gcc/arm-none-eabi/9.3.1/include-fixed] ==> [/Users/victorsowa/miniconda3/envs/xMoonJelly_fw/xpack-openocd/lib/gcc/arm-none-eabi/9.3.1/include-fixed]
  collapse include dir [/Users/victorsowa/miniconda3/envs/xMoonJelly_fw/xpack-openocd/bin/../lib/gcc/arm-none-eabi/9.3.1/../../../../arm-none-eabi/include] ==> [/Users/victorsowa/miniconda3/envs/xMoonJelly_fw/xpack-openocd/arm-none-eabi/include]
  implicit include dirs: [/Users/victorsowa/miniconda3/envs/xMoonJelly_fw/xpack-openocd/arm-none-eabi/include/c++/9.3.1;/Users/victorsowa/miniconda3/envs/xMoonJelly_fw/xpack-openocd/arm-none-eabi/include/c++/9.3.1/arm-none-eabi;/Users/victorsowa/miniconda3/envs/xMoonJelly_fw/xpack-openocd/arm-none-eabi/include/c++/9.3.1/backward;/Users/victorsowa/miniconda3/envs/xMoonJelly_fw/xpack-openocd/lib/gcc/arm-none-eabi/9.3.1/include;/Users/victorsowa/miniconda3/envs/xMoonJelly_fw/xpack-openocd/lib/gcc/arm-none-eabi/9.3.1/include-fixed;/Users/victorsowa/miniconda3/envs/xMoonJelly_fw/xpack-openocd/arm-none-eabi/include]


Parsed CXX implicit link information from above output:
  link line regex: [^( *|.*[/\])(arm-none-eabi-ld|CMAKE_LINK_STARTFILE-NOTFOUND|([^/\]+-)?ld|collect2)[^/\]*( |$)]
  ignore line: [Change Dir: /Users/victorsowa/xMoonJelly_fw/cmake-build-xmj_pressure_calibration/CMakeFiles/CMakeTmp]
  ignore line: []
  ignore line: [Run Build Command(s):/Users/victorsowa/miniconda3/envs/xMoonJelly_fw/bin/make cmTC_4a8b3/fast && /Users/victorsowa/miniconda3/envs/xMoonJelly_fw/bin/make  -f CMakeFiles/cmTC_4a8b3.dir/build.make CMakeFiles/cmTC_4a8b3.dir/build]
  ignore line: [make[1]: Entering directory '/Users/victorsowa/xMoonJelly_fw/cmake-build-xmj_pressure_calibration/CMakeFiles/CMakeTmp']
  ignore line: [Building CXX object CMakeFiles/cmTC_4a8b3.dir/CMakeCXXCompilerABI.cpp.obj]
  ignore line: [/Users/victorsowa/miniconda3/envs/xMoonJelly_fw/xpack-openocd/bin/arm-none-eabi-g++   -fdata-sections -ffunction-sections    -v -o CMakeFiles/cmTC_4a8b3.dir/CMakeCXXCompilerABI.cpp.obj -c /Users/victorsowa/miniconda3/envs/xMoonJelly_fw/xpack-openocd/share/cmake-3.18/Modules/CMakeCXXCompilerABI.cpp]
  ignore line: [Using built-in specs.]
  ignore line: [COLLECT_GCC=/Users/victorsowa/miniconda3/envs/xMoonJelly_fw/xpack-openocd/bin/arm-none-eabi-g++]
  ignore line: [Target: arm-none-eabi]
  ignore line: [Configured with: /tmp/jenkins-GCC-9-pipeline-200_20200521_1590053285/src/gcc/configure --target=arm-none-eabi --prefix=/tmp/jenkins-GCC-9-pipeline-200_20200521_1590053285/install-native --libexecdir=/tmp/jenkins-GCC-9-pipeline-200_20200521_1590053285/install-native/lib --infodir=/tmp/jenkins-GCC-9-pipeline-200_20200521_1590053285/install-native/share/doc/gcc-arm-none-eabi/info --mandir=/tmp/jenkins-GCC-9-pipeline-200_20200521_1590053285/install-native/share/doc/gcc-arm-none-eabi/man --htmldir=/tmp/jenkins-GCC-9-pipeline-200_20200521_1590053285/install-native/share/doc/gcc-arm-none-eabi/html --pdfdir=/tmp/jenkins-GCC-9-pipeline-200_20200521_1590053285/install-native/share/doc/gcc-arm-none-eabi/pdf --enable-languages=c,c++ --enable-plugins --disable-decimal-float --disable-libffi --disable-libgomp --disable-libmudflap --disable-libquadmath --disable-libssp --disable-libstdcxx-pch --disable-nls --disable-shared --disable-threads --disable-tls --with-gnu-as --with-gnu-ld --with-newlib --with-headers=yes --with-python-dir=share/gcc-arm-none-eabi --with-sysroot=/tmp/jenkins-GCC-9-pipeline-200_20200521_1590053285/install-native/arm-none-eabi --build=x86_64-apple-darwin10 --host=x86_64-apple-darwin10 --with-gmp=/tmp/jenkins-GCC-9-pipeline-200_20200521_1590053285/build-native/host-libs/usr --with-mpfr=/tmp/jenkins-GCC-9-pipeline-200_20200521_1590053285/build-native/host-libs/usr --with-mpc=/tmp/jenkins-GCC-9-pipeline-200_20200521_1590053285/build-native/host-libs/usr --with-isl=/tmp/jenkins-GCC-9-pipeline-200_20200521_1590053285/build-native/host-libs/usr --with-libelf=/tmp/jenkins-GCC-9-pipeline-200_20200521_1590053285/build-native/host-libs/usr --with-host-libstdcxx='-static-libgcc -Wl,-lstdc++ -lm' --with-pkgversion='GNU Arm Embedded Toolchain 9-2020-q2-update' --with-multilib-list=rmprofile,aprofile]
  ignore line: [Thread model: single]
  ignore line: [gcc version 9.3.1 20200408 (release) (GNU Arm Embedded Toolchain 9-2020-q2-update) ]
  ignore line: [COLLECT_GCC_OPTIONS='-fdata-sections' '-ffunction-sections' '-v' '-o' 'CMakeFiles/cmTC_4a8b3.dir/CMakeCXXCompilerABI.cpp.obj' '-c' '-mcpu=arm7tdmi' '-mfloat-abi=soft' '-marm' '-march=armv4t']
  ignore line: [ /Users/victorsowa/miniconda3/envs/xMoonJelly_fw/xpack-openocd/bin/../lib/gcc/arm-none-eabi/9.3.1/cc1plus -quiet -v -iprefix /Users/victorsowa/miniconda3/envs/xMoonJelly_fw/xpack-openocd/bin/../lib/gcc/arm-none-eabi/9.3.1/ -isysroot /Users/victorsowa/miniconda3/envs/xMoonJelly_fw/xpack-openocd/bin/../arm-none-eabi -D__USES_INITFINI__ /Users/victorsowa/miniconda3/envs/xMoonJelly_fw/xpack-openocd/share/cmake-3.18/Modules/CMakeCXXCompilerABI.cpp -quiet -dumpbase CMakeCXXCompilerABI.cpp -mcpu=arm7tdmi -mfloat-abi=soft -marm -march=armv4t -auxbase-strip CMakeFiles/cmTC_4a8b3.dir/CMakeCXXCompilerABI.cpp.obj -version -fdata-sections -ffunction-sections -o /var/folders/yg/3nxcpv294hvfwgl_w3cbnbrh0000gn/T//ccX6Ibae.s]
  ignore line: [GNU C++14 (GNU Arm Embedded Toolchain 9-2020-q2-update) version 9.3.1 20200408 (release) (arm-none-eabi)]
  ignore line: [	compiled by GNU C version 4.2.1 Compatible Apple LLVM 11.0.0 (clang-1100.0.33.17)  GMP version 6.1.0  MPFR version 3.1.4  MPC version 1.0.3  isl version isl-0.18-GMP]
  ignore line: []
  ignore line: [GGC heuristics: --param ggc-min-expand=100 --param ggc-min-heapsize=131072]
  ignore line: [ignoring duplicate directory "/Users/victorsowa/miniconda3/envs/xMoonJelly_fw/xpack-openocd/bin/../lib/gcc/../../lib/gcc/arm-none-eabi/9.3.1/../../../../arm-none-eabi/include/c++/9.3.1"]
  ignore line: [ignoring duplicate directory "/Users/victorsowa/miniconda3/envs/xMoonJelly_fw/xpack-openocd/bin/../lib/gcc/../../lib/gcc/arm-none-eabi/9.3.1/../../../../arm-none-eabi/include/c++/9.3.1/arm-none-eabi"]
  ignore line: [ignoring duplicate directory "/Users/victorsowa/miniconda3/envs/xMoonJelly_fw/xpack-openocd/bin/../lib/gcc/../../lib/gcc/arm-none-eabi/9.3.1/../../../../arm-none-eabi/include/c++/9.3.1/backward"]
  ignore line: [ignoring duplicate directory "/Users/victorsowa/miniconda3/envs/xMoonJelly_fw/xpack-openocd/bin/../lib/gcc/../../lib/gcc/arm-none-eabi/9.3.1/include"]
  ignore line: [ignoring nonexistent directory "/Users/victorsowa/miniconda3/envs/xMoonJelly_fw/xpack-openocd/bin/../arm-none-eabi/usr/local/include"]
  ignore line: [ignoring duplicate directory "/Users/victorsowa/miniconda3/envs/xMoonJelly_fw/xpack-openocd/bin/../lib/gcc/../../lib/gcc/arm-none-eabi/9.3.1/include-fixed"]
  ignore line: [ignoring duplicate directory "/Users/victorsowa/miniconda3/envs/xMoonJelly_fw/xpack-openocd/bin/../lib/gcc/../../lib/gcc/arm-none-eabi/9.3.1/../../../../arm-none-eabi/include"]
  ignore line: [ignoring nonexistent directory "/Users/victorsowa/miniconda3/envs/xMoonJelly_fw/xpack-openocd/bin/../arm-none-eabi/usr/include"]
  ignore line: [#include "..." search starts here:]
  ignore line: [#include <...> search starts here:]
  ignore line: [ /Users/victorsowa/miniconda3/envs/xMoonJelly_fw/xpack-openocd/bin/../lib/gcc/arm-none-eabi/9.3.1/../../../../arm-none-eabi/include/c++/9.3.1]
  ignore line: [ /Users/victorsowa/miniconda3/envs/xMoonJelly_fw/xpack-openocd/bin/../lib/gcc/arm-none-eabi/9.3.1/../../../../arm-none-eabi/include/c++/9.3.1/arm-none-eabi]
  ignore line: [ /Users/victorsowa/miniconda3/envs/xMoonJelly_fw/xpack-openocd/bin/../lib/gcc/arm-none-eabi/9.3.1/../../../../arm-none-eabi/include/c++/9.3.1/backward]
  ignore line: [ /Users/victorsowa/miniconda3/envs/xMoonJelly_fw/xpack-openocd/bin/../lib/gcc/arm-none-eabi/9.3.1/include]
  ignore line: [ /Users/victorsowa/miniconda3/envs/xMoonJelly_fw/xpack-openocd/bin/../lib/gcc/arm-none-eabi/9.3.1/include-fixed]
  ignore line: [ /Users/victorsowa/miniconda3/envs/xMoonJelly_fw/xpack-openocd/bin/../lib/gcc/arm-none-eabi/9.3.1/../../../../arm-none-eabi/include]
  ignore line: [End of search list.]
  ignore line: [GNU C++14 (GNU Arm Embedded Toolchain 9-2020-q2-update) version 9.3.1 20200408 (release) (arm-none-eabi)]
  ignore line: [	compiled by GNU C version 4.2.1 Compatible Apple LLVM 11.0.0 (clang-1100.0.33.17)  GMP version 6.1.0  MPFR version 3.1.4  MPC version 1.0.3  isl version isl-0.18-GMP]
  ignore line: []
  ignore line: [GGC heuristics: --param ggc-min-expand=100 --param ggc-min-heapsize=131072]
  ignore line: [Compiler executable checksum: 8782f4994dbf603a697a2dc7444b5e0e]
  ignore line: [COLLECT_GCC_OPTIONS='-fdata-sections' '-ffunction-sections' '-v' '-o' 'CMakeFiles/cmTC_4a8b3.dir/CMakeCXXCompilerABI.cpp.obj' '-c' '-mcpu=arm7tdmi' '-mfloat-abi=soft' '-marm' '-march=armv4t']
  ignore line: [ /Users/victorsowa/miniconda3/envs/xMoonJelly_fw/xpack-openocd/bin/../lib/gcc/arm-none-eabi/9.3.1/../../../../arm-none-eabi/bin/as -v -march=armv4t -mfloat-abi=soft -meabi=5 -o CMakeFiles/cmTC_4a8b3.dir/CMakeCXXCompilerABI.cpp.obj /var/folders/yg/3nxcpv294hvfwgl_w3cbnbrh0000gn/T//ccX6Ibae.s]
  ignore line: [GNU assembler version 2.34.0 (arm-none-eabi) using BFD version (GNU Arm Embedded Toolchain 9-2020-q2-update) 2.34.0.20200428]
  ignore line: [COMPILER_PATH=/Users/victorsowa/miniconda3/envs/xMoonJelly_fw/xpack-openocd/bin/../lib/gcc/arm-none-eabi/9.3.1/:/Users/victorsowa/miniconda3/envs/xMoonJelly_fw/xpack-openocd/bin/../lib/gcc/:/Users/victorsowa/miniconda3/envs/xMoonJelly_fw/xpack-openocd/bin/../lib/gcc/arm-none-eabi/9.3.1/../../../../arm-none-eabi/bin/]
  ignore line: [LIBRARY_PATH=/Users/victorsowa/miniconda3/envs/xMoonJelly_fw/xpack-openocd/bin/../lib/gcc/arm-none-eabi/9.3.1/:/Users/victorsowa/miniconda3/envs/xMoonJelly_fw/xpack-openocd/bin/../lib/gcc/:/Users/victorsowa/miniconda3/envs/xMoonJelly_fw/xpack-openocd/bin/../lib/gcc/arm-none-eabi/9.3.1/../../../../arm-none-eabi/lib/:/Users/victorsowa/miniconda3/envs/xMoonJelly_fw/xpack-openocd/bin/../arm-none-eabi/lib/]
  ignore line: [COLLECT_GCC_OPTIONS='-fdata-sections' '-ffunction-sections' '-v' '-o' 'CMakeFiles/cmTC_4a8b3.dir/CMakeCXXCompilerABI.cpp.obj' '-c' '-mcpu=arm7tdmi' '-mfloat-abi=soft' '-marm' '-march=armv4t']
  ignore line: [Linking CXX static library libcmTC_4a8b3.a]
  ignore line: [/Users/victorsowa/miniconda3/envs/xMoonJelly_fw/xpack-openocd/bin/cmake -P CMakeFiles/cmTC_4a8b3.dir/cmake_clean_target.cmake]
  ignore line: [/Users/victorsowa/miniconda3/envs/xMoonJelly_fw/xpack-openocd/bin/cmake -E cmake_link_script CMakeFiles/cmTC_4a8b3.dir/link.txt --verbose=1]
  ignore line: [/Users/victorsowa/miniconda3/envs/xMoonJelly_fw/xpack-openocd/bin/arm-none-eabi-gcc-ar qc libcmTC_4a8b3.a CMakeFiles/cmTC_4a8b3.dir/CMakeCXXCompilerABI.cpp.obj]
  ignore line: [/Users/victorsowa/miniconda3/envs/xMoonJelly_fw/xpack-openocd/bin/arm-none-eabi-ranlib libcmTC_4a8b3.a]
  ignore line: [make[1]: Leaving directory '/Users/victorsowa/xMoonJelly_fw/cmake-build-xmj_pressure_calibration/CMakeFiles/CMakeTmp']
  ignore line: []
  ignore line: []
  implicit libs: []
  implicit dirs: []
  implicit fwks: []


Performing C SOURCE FILE Test _Map1 succeeded with the following output:
Change Dir: /Users/victorsowa/xMoonJelly_fw/cmake-build-xmj_pressure_calibration/CMakeFiles/CMakeTmp

Run Build Command(s):/Users/victorsowa/miniconda3/envs/xMoonJelly_fw/bin/make cmTC_5b0c3/fast && /Users/victorsowa/miniconda3/envs/xMoonJelly_fw/bin/make  -f CMakeFiles/cmTC_5b0c3.dir/build.make CMakeFiles/cmTC_5b0c3.dir/build
make[1]: Entering directory '/Users/victorsowa/xMoonJelly_fw/cmake-build-xmj_pressure_calibration/CMakeFiles/CMakeTmp'
Building C object CMakeFiles/cmTC_5b0c3.dir/src.c.obj
/Users/victorsowa/miniconda3/envs/xMoonJelly_fw/xpack-openocd/bin/arm-none-eabi-gcc   -fdata-sections -ffunction-sections -D_Map1 -std=gnu11 -o CMakeFiles/cmTC_5b0c3.dir/src.c.obj -c /Users/victorsowa/xMoonJelly_fw/cmake-build-xmj_pressure_calibration/CMakeFiles/CMakeTmp/src.c
Linking C static library libcmTC_5b0c3.a
/Users/victorsowa/miniconda3/envs/xMoonJelly_fw/xpack-openocd/bin/cmake -P CMakeFiles/cmTC_5b0c3.dir/cmake_clean_target.cmake
/Users/victorsowa/miniconda3/envs/xMoonJelly_fw/xpack-openocd/bin/cmake -E cmake_link_script CMakeFiles/cmTC_5b0c3.dir/link.txt --verbose=1
/Users/victorsowa/miniconda3/envs/xMoonJelly_fw/xpack-openocd/bin/arm-none-eabi-gcc-ar qc libcmTC_5b0c3.a CMakeFiles/cmTC_5b0c3.dir/src.c.obj
/Users/victorsowa/miniconda3/envs/xMoonJelly_fw/xpack-openocd/bin/arm-none-eabi-ranlib libcmTC_5b0c3.a
make[1]: Leaving directory '/Users/victorsowa/xMoonJelly_fw/cmake-build-xmj_pressure_calibration/CMakeFiles/CMakeTmp'


Source file was:
int main(void) { return 0; }
